C51 COMPILER V9.60.0.0   IR                                                                04/18/2021 17:21:13 PAGE 1   


C51 COMPILER V9.60.0.0, COMPILATION OF MODULE IR
OBJECT MODULE PLACED IN .\Objects\ir.obj
COMPILER INVOKED BY: C:\Keil_v5\C51\BIN\C51.EXE ..\ir.c OPTIMIZE(8,SPEED) BROWSE DEBUG OBJECTEXTEND PRINT(.\Listings\ir.
                    -lst) TABS(2) OBJECT(.\Objects\ir.obj)

line level    source

   1          #include <reg51.h>
   2          #include <stdio.h>
   3          #include "stdutils.h"
   4          
   5          sbit rs = P0^0;
   6          sbit e  = P0^1;
   7          
   8          sbit led = P3^6;
   9          
  10          void cmdwrt_lcd (char);
  11          void datas (char);
  12          void delay (unsigned int);
  13          void display_lcd (unsigned char *lcdstr);
  14          
  15          uint32_t bitPattern = 0, newKey = 0;
  16          uint8_t timerValue;
  17          uint8_t msCount=0;
  18          
  19          char pulseCount=0;
  20          char buffer [32];
  21          
  22          
  23          void cmdwrt_lcd( char com)
  24          {
  25   1        P2=com;
  26   1        rs=0;
  27   1        e=1;
  28   1        delay(5);
  29   1        e=0;
  30   1      }
  31          
  32          void datas( char dat)
  33          {
  34   1        P2=dat;
  35   1        rs=1;
  36   1        e=1;
  37   1        delay(5);
  38   1        e=0;
  39   1      }
  40          
  41          void delay(unsigned int time)
  42          {
  43   1        unsigned int i,j;
  44   1        for(i=0;i<time;i++)
  45   1        for(j=0;j<1024;j++);
  46   1      }
  47          
  48          void display_lcd(unsigned char *lcdstr)
  49           {
  50   1          while (*lcdstr !='\0')
  51   1        {
  52   2          datas(*lcdstr);
  53   2          lcdstr++;
  54   2        }
C51 COMPILER V9.60.0.0   IR                                                                04/18/2021 17:21:13 PAGE 2   

  55   1       }
  56          
  57          
  58          void timer0_isr() interrupt 1
  59          {
  60   1          if (msCount<50)
  61   1          msCount++;
  62   1      
  63   1          TH0 = 0xFC;
  64   1          TL0 = 0x67;
  65   1      }
  66              
  67          void externalIntr0_ISR() interrupt 0
  68          {
  69   1          timerValue = msCount;
  70   1          msCount= 0;
  71   1      
  72   1          TH0 = 0xFC;
  73   1          TL0 = 0x67;
  74   1      
  75   1          pulseCount++;
  76   1      
  77   1        if ((timerValue>=50))
  78   1      {
  79   2          pulseCount = -2;
  80   2          bitPattern = 0;
  81   2      }
  82   1      
  83   1      else if ((pulseCount>=0) && (pulseCount<32))
  84   1      {
  85   2        if (timerValue>=2)
  86   2        {
  87   3          bitPattern |= (uint32_t) 1<< (31-pulseCount);
  88   3        }
  89   2        else
  90   2        {
  91   3        
  92   3        }
  93   2      }
  94   1        else if (pulseCount>=32)
  95   1        {
  96   2          newKey = bitPattern;
  97   2          pulseCount = 0;
  98   2        }
  99   1      }
 100          
 101          void main()
 102          {
 103   1        cmdwrt_lcd (0x38); 
 104   1        cmdwrt_lcd (0x0C);
 105   1        cmdwrt_lcd (0x01);       
 106   1        cmdwrt_lcd (0x80);
 107   1        
 108   1        TMOD |= 0x01;
 109   1        TH0 = 0xFC;
 110   1        TL0 = 0x67;
 111   1        
 112   1        TR0 = 1;
 113   1        ET0 = 1;
 114   1        
 115   1        IT0 = 1;
 116   1        EX0 = 1;
C51 COMPILER V9.60.0.0   IR                                                                04/18/2021 17:21:13 PAGE 3   

 117   1        
 118   1        EA = 1;
 119   1      
 120   1        display_lcd ("Remote Decode:");
 121   1      
 122   1        while(1)
 123   1          {
 124   2            cmdwrt_lcd (0xC0);
 125   2              if (newKey !=0)
 126   2              {
 127   3                sprintf(buffer, "%1X", newKey);
 128   3                display_lcd (buffer);
 129   3                display_lcd ("         ");
 130   3                newKey = 0;
 131   3          }
 132   2        }
 133   1      }


MODULE INFORMATION:   STATIC OVERLAYABLE
   CODE SIZE        =    448    ----
   CONSTANT SIZE    =     29    ----
   XDATA SIZE       =   ----    ----
   PDATA SIZE       =   ----    ----
   DATA SIZE        =     43       3
   IDATA SIZE       =   ----    ----
   BIT SIZE         =   ----    ----
END OF MODULE INFORMATION.


C51 COMPILATION COMPLETE.  0 WARNING(S),  0 ERROR(S)
