C51 COMPILER V9.60.0.0   LCD_BLINK                                                         03/28/2021 10:32:56 PAGE 1   


C51 COMPILER V9.60.0.0, COMPILATION OF MODULE LCD_BLINK
OBJECT MODULE PLACED IN D:\lcd blink.obj
COMPILER INVOKED BY: C:\Keil_v5\C51\BIN\C51.EXE lcd blink.c OPTIMIZE(8,SPEED) BROWSE DEBUG OBJECTEXTEND PRINT(.\Listings
                    -\lcd blink.lst) TABS(2) OBJECT(D:\lcd blink.obj)

line level    source

   1          #include <reg52.h>
   2          
   3          sbit led =P2^0;
   4          
   5          void delay(void);
   6          
   7          void main (void)
   8            {
   9   1            while(1){
  10   2              led = 0;
  11   2            }
  12   1          }
  13            void delay(void)
  14            {
  15   1          int j;
  16   1          int i;
  17   1          for(i=0;i<10;i++)
  18   1          {
  19   2            for(j=0;j<1000;j++)
  20   2            {
  21   3            }
  22   2          }
  23   1        }


MODULE INFORMATION:   STATIC OVERLAYABLE
   CODE SIZE        =     33    ----
   CONSTANT SIZE    =   ----    ----
   XDATA SIZE       =   ----    ----
   PDATA SIZE       =   ----    ----
   DATA SIZE        =   ----    ----
   IDATA SIZE       =   ----    ----
   BIT SIZE         =   ----    ----
END OF MODULE INFORMATION.


C51 COMPILATION COMPLETE.  0 WARNING(S),  0 ERROR(S)
