C51 COMPILER V9.60.0.0   LCDLIBB                                                           04/18/2021 13:12:37 PAGE 1   


C51 COMPILER V9.60.0.0, COMPILATION OF MODULE LCDLIBB
OBJECT MODULE PLACED IN .\Objects\lcdlibb.obj
COMPILER INVOKED BY: C:\Keil_v5\C51\BIN\C51.EXE ..\lcdlibb.c OPTIMIZE(8,SPEED) BROWSE DEBUG OBJECTEXTEND PRINT(.\Listing
                    -s\lcdlibb.lst) TABS(2) OBJECT(.\Objects\lcdlibb.obj)

line level    source

   1          #include <reg51.h>
   2          
   3          sbit rs = P3^5;
   4          sbit e  = P3^4;
   5          sbit rw = P3^6;
   6          
   7          void cmdwrt_lcd (char);
   8          void datas (char);
   9          void delay (unsigned int);
  10          void display_lcd (unsigned char *lcdstr);
  11          
  12          
  13          void cmdwrt_lcd( char com)
  14          {
  15   1        P1=com;
  16   1        rs=0;
  17   1        rw=0;
  18   1        e=1;
  19   1        delay(5);
  20   1        e=0;
  21   1      }
  22          
  23          void datas( char dat)
  24          {
  25   1        P1=dat;
  26   1        rs=1;
  27   1        rw=0;
  28   1        e=1;
  29   1        delay(5);
  30   1        e=0;
  31   1      }
  32          
  33          void delay(unsigned int time)
  34          {
  35   1        unsigned int i,j;
  36   1        for(i=0;i<time;i++)
  37   1        for(j=0;j<1024;j++);
  38   1      }
  39          
  40          void display_lcd(unsigned char *lcdstr)
  41           {
  42   1          while (*lcdstr !='\0')
  43   1        {
  44   2        datas(*lcdstr);
  45   2        lcdstr++;
  46   2        }
  47   1       }


MODULE INFORMATION:   STATIC OVERLAYABLE
   CODE SIZE        =     97    ----
   CONSTANT SIZE    =   ----    ----
   XDATA SIZE       =   ----    ----
   PDATA SIZE       =   ----    ----
C51 COMPILER V9.60.0.0   LCDLIBB                                                           04/18/2021 13:12:37 PAGE 2   

   DATA SIZE        =   ----       3
   IDATA SIZE       =   ----    ----
   BIT SIZE         =   ----    ----
END OF MODULE INFORMATION.


C51 COMPILATION COMPLETE.  0 WARNING(S),  0 ERROR(S)
